{"/Users/mozheng/projects/algorithm/src/LRU/index.js": {"path":"/Users/mozheng/projects/algorithm/src/LRU/index.js","statementMap":{"0":{"start":{"line":5,"column":4},"end":{"line":5,"column":35}},"1":{"start":{"line":6,"column":4},"end":{"line":6,"column":29}},"2":{"start":{"line":7,"column":4},"end":{"line":7,"column":23}},"3":{"start":{"line":11,"column":20},"end":{"line":11,"column":32}},"4":{"start":{"line":12,"column":20},"end":{"line":12,"column":36}},"5":{"start":{"line":13,"column":4},"end":{"line":27,"column":5}},"6":{"start":{"line":14,"column":23},"end":{"line":14,"column":36}},"7":{"start":{"line":15,"column":6},"end":{"line":18,"column":7}},"8":{"start":{"line":19,"column":6},"end":{"line":19,"column":43}},"9":{"start":{"line":20,"column":6},"end":{"line":20,"column":29}},"10":{"start":{"line":22,"column":6},"end":{"line":25,"column":9}},"11":{"start":{"line":26,"column":6},"end":{"line":26,"column":29}},"12":{"start":{"line":28,"column":16},"end":{"line":28,"column":36}},"13":{"start":{"line":29,"column":4},"end":{"line":34,"column":5}},"14":{"start":{"line":31,"column":23},"end":{"line":31,"column":45}},"15":{"start":{"line":32,"column":6},"end":{"line":32,"column":43}},"16":{"start":{"line":33,"column":6},"end":{"line":33,"column":26}},"17":{"start":{"line":38,"column":20},"end":{"line":38,"column":41}},"18":{"start":{"line":39,"column":4},"end":{"line":46,"column":5}},"19":{"start":{"line":40,"column":23},"end":{"line":40,"column":36}},"20":{"start":{"line":41,"column":6},"end":{"line":41,"column":43}},"21":{"start":{"line":42,"column":6},"end":{"line":42,"column":29}},"22":{"start":{"line":43,"column":6},"end":{"line":43,"column":26}},"23":{"start":{"line":45,"column":6},"end":{"line":45,"column":15}},"24":{"start":{"line":51,"column":4},"end":{"line":57,"column":7}},"25":{"start":{"line":52,"column":18},"end":{"line":52,"column":26}},"26":{"start":{"line":53,"column":20},"end":{"line":53,"column":47}},"27":{"start":{"line":54,"column":6},"end":{"line":54,"column":28}},"28":{"start":{"line":55,"column":6},"end":{"line":55,"column":33}},"29":{"start":{"line":56,"column":6},"end":{"line":56,"column":37}}},"fnMap":{"0":{"name":"(anonymous_0)","decl":{"start":{"line":4,"column":2},"end":{"line":4,"column":3}},"loc":{"start":{"line":4,"column":23},"end":{"line":8,"column":3}},"line":4},"1":{"name":"(anonymous_1)","decl":{"start":{"line":10,"column":2},"end":{"line":10,"column":3}},"loc":{"start":{"line":10,"column":18},"end":{"line":35,"column":3}},"line":10},"2":{"name":"(anonymous_2)","decl":{"start":{"line":37,"column":2},"end":{"line":37,"column":3}},"loc":{"start":{"line":37,"column":11},"end":{"line":47,"column":3}},"line":37},"3":{"name":"(anonymous_3)","decl":{"start":{"line":50,"column":2},"end":{"line":50,"column":3}},"loc":{"start":{"line":50,"column":20},"end":{"line":58,"column":3}},"line":50},"4":{"name":"(anonymous_4)","decl":{"start":{"line":51,"column":26},"end":{"line":51,"column":27}},"loc":{"start":{"line":51,"column":43},"end":{"line":57,"column":5}},"line":51}},"branchMap":{"0":{"loc":{"start":{"line":5,"column":16},"end":{"line":5,"column":34}},"type":"binary-expr","locations":[{"start":{"line":5,"column":16},"end":{"line":5,"column":28}},{"start":{"line":5,"column":32},"end":{"line":5,"column":34}}],"line":5},"1":{"loc":{"start":{"line":13,"column":4},"end":{"line":27,"column":5}},"type":"if","locations":[{"start":{"line":13,"column":4},"end":{"line":27,"column":5}},{"start":{"line":13,"column":4},"end":{"line":27,"column":5}}],"line":13},"2":{"loc":{"start":{"line":29,"column":4},"end":{"line":34,"column":5}},"type":"if","locations":[{"start":{"line":29,"column":4},"end":{"line":34,"column":5}},{"start":{"line":29,"column":4},"end":{"line":34,"column":5}}],"line":29},"3":{"loc":{"start":{"line":39,"column":4},"end":{"line":46,"column":5}},"type":"if","locations":[{"start":{"line":39,"column":4},"end":{"line":46,"column":5}},{"start":{"line":39,"column":4},"end":{"line":46,"column":5}}],"line":39},"4":{"loc":{"start":{"line":53,"column":20},"end":{"line":53,"column":47}},"type":"binary-expr","locations":[{"start":{"line":53,"column":20},"end":{"line":53,"column":41}},{"start":{"line":53,"column":45},"end":{"line":53,"column":47}}],"line":53}},"s":{"0":1,"1":1,"2":1,"3":4,"4":4,"5":4,"6":1,"7":1,"8":1,"9":1,"10":3,"11":3,"12":4,"13":4,"14":1,"15":1,"16":1,"17":2,"18":2,"19":1,"20":1,"21":1,"22":1,"23":1,"24":5,"25":10,"26":10,"27":10,"28":10,"29":10},"f":{"0":1,"1":4,"2":2,"3":5,"4":10},"b":{"0":[1,0],"1":[1,3],"2":[1,3],"3":[1,1],"4":[10,3]},"_coverageSchema":"1a1c01bbd47fc00a2c39e90264f33305004495a9","hash":"53bb41c2c3505c30682fad4f8348c3dd14996234"}
,"/Users/mozheng/projects/algorithm/src/utils/array.js": {"path":"/Users/mozheng/projects/algorithm/src/utils/array.js","statementMap":{"0":{"start":{"line":1,"column":27},"end":{"line":9,"column":1}},"1":{"start":{"line":2,"column":18},"end":{"line":2,"column":30}},"2":{"start":{"line":3,"column":2},"end":{"line":5,"column":3}},"3":{"start":{"line":4,"column":4},"end":{"line":4,"column":17}},"4":{"start":{"line":6,"column":2},"end":{"line":6,"column":25}},"5":{"start":{"line":7,"column":2},"end":{"line":7,"column":30}},"6":{"start":{"line":8,"column":2},"end":{"line":8,"column":15}}},"fnMap":{"0":{"name":"(anonymous_0)","decl":{"start":{"line":1,"column":27},"end":{"line":1,"column":28}},"loc":{"start":{"line":1,"column":50},"end":{"line":9,"column":1}},"line":1}},"branchMap":{"0":{"loc":{"start":{"line":3,"column":2},"end":{"line":5,"column":3}},"type":"if","locations":[{"start":{"line":3,"column":2},"end":{"line":5,"column":3}},{"start":{"line":3,"column":2},"end":{"line":5,"column":3}}],"line":3}},"s":{"0":2,"1":4,"2":4,"3":1,"4":3,"5":3,"6":3},"f":{"0":4},"b":{"0":[1,3]},"_coverageSchema":"1a1c01bbd47fc00a2c39e90264f33305004495a9","hash":"0272b7f96c3678cc83d77ef60c4a44ce39569fcd"}
}
