TN:
SF:src/Dynamic-Programming/edit-distance.js
FN:5,minDistanceMap
FN:11,dp1
FN:40,minDistanceTable
FNF:3
FNH:3
FNDA:2,minDistanceMap
FNDA:1786,dp1
FNDA:2,minDistanceTable
DA:7,2
DA:8,2
DA:9,2
DA:12,1786
DA:13,1786
DA:14,1786
DA:15,0
DA:17,1786
DA:18,736
DA:20,1050
DA:21,438
DA:24,612
DA:25,26
DA:27,586
DA:33,612
DA:34,612
DA:37,2
DA:41,2
DA:42,2
DA:43,2
DA:44,2
DA:45,16
DA:46,16
DA:48,2
DA:49,14
DA:52,2
DA:53,14
DA:54,96
DA:55,13
DA:57,83
DA:66,2
LF:31
LH:30
BRDA:14,0,0,0
BRDA:14,0,1,1786
BRDA:17,1,0,736
BRDA:17,1,1,1050
BRDA:20,2,0,438
BRDA:20,2,1,612
BRDA:24,3,0,26
BRDA:24,3,1,586
BRDA:54,4,0,13
BRDA:54,4,1,83
BRF:10
BRH:9
end_of_record
TN:
SF:src/Dynamic-Programming/get-rain.js
FN:4,method1
FN:22,method2
FNF:2
FNH:2
FNDA:1,method1
FNDA:1,method2
DA:5,1
DA:6,1
DA:7,1
DA:8,1
DA:9,1
DA:10,10
DA:12,1
DA:13,11
DA:15,1
DA:16,10
DA:18,1
DA:23,1
DA:24,1
DA:25,1
DA:26,1
DA:27,1
DA:28,1
DA:29,1
DA:30,12
DA:31,12
DA:32,12
DA:33,8
DA:34,8
DA:36,4
DA:37,4
DA:40,1
LF:26
LH:26
BRDA:10,0,0,10
BRDA:10,0,1,1
BRDA:13,1,0,11
BRDA:13,1,1,1
BRDA:32,2,0,8
BRDA:32,2,1,4
BRF:6
BRH:6
end_of_record
TN:
SF:src/Dynamic-Programming/lcs.js
FN:3,getLcs
FN:6,lcsLen
FNF:2
FNH:2
FNDA:1,getLcs
FNDA:15,lcsLen
DA:4,1
DA:7,15
DA:8,15
DA:9,15
DA:10,6
DA:12,9
DA:13,0
DA:15,9
DA:16,4
DA:18,5
DA:22,1
LF:11
LH:10
BRDA:9,0,0,6
BRDA:9,0,1,9
BRDA:9,1,0,15
BRDA:9,1,1,13
BRDA:12,2,0,0
BRDA:12,2,1,9
BRDA:15,3,0,4
BRDA:15,3,1,5
BRF:8
BRH:7
end_of_record
TN:
SF:src/LRU/index.js
FN:4,(anonymous_0)
FN:10,(anonymous_1)
FN:37,(anonymous_2)
FN:50,(anonymous_3)
FN:51,(anonymous_4)
FNF:5
FNH:5
FNDA:1,(anonymous_0)
FNDA:4,(anonymous_1)
FNDA:2,(anonymous_2)
FNDA:5,(anonymous_3)
FNDA:10,(anonymous_4)
DA:5,1
DA:6,1
DA:7,1
DA:11,4
DA:12,4
DA:13,4
DA:14,1
DA:15,1
DA:19,1
DA:20,1
DA:22,3
DA:26,3
DA:28,4
DA:29,4
DA:31,1
DA:32,1
DA:33,1
DA:38,2
DA:39,2
DA:40,1
DA:41,1
DA:42,1
DA:43,1
DA:45,1
DA:51,5
DA:52,10
DA:53,10
DA:54,10
DA:55,10
DA:56,10
LF:30
LH:30
BRDA:5,0,0,1
BRDA:5,0,1,0
BRDA:13,1,0,1
BRDA:13,1,1,3
BRDA:29,2,0,1
BRDA:29,2,1,3
BRDA:39,3,0,1
BRDA:39,3,1,1
BRDA:53,4,0,10
BRDA:53,4,1,3
BRF:10
BRH:9
end_of_record
TN:
SF:src/Prime/index.js
FN:4,getPrime
FNF:1
FNH:1
FNDA:3,getPrime
DA:5,3
DA:6,1
DA:9,2
DA:10,2
DA:11,2
DA:13,2
DA:15,5
DA:16,4
DA:17,16
DA:22,2
DA:23,26
DA:24,12
DA:28,2
LF:13
LH:13
BRDA:5,0,0,1
BRDA:5,0,1,2
BRDA:15,1,0,4
BRDA:15,1,1,1
BRDA:23,2,0,12
BRDA:23,2,1,14
BRF:6
BRH:6
end_of_record
TN:
SF:src/utils/array.js
FN:1,(anonymous_0)
FNF:1
FNH:1
FNDA:4,(anonymous_0)
DA:1,2
DA:2,4
DA:3,4
DA:4,1
DA:6,3
DA:7,3
DA:8,3
LF:7
LH:7
BRDA:3,0,0,1
BRDA:3,0,1,3
BRF:2
BRH:2
end_of_record
